  Click coordinate.cpp
  main.cpp
E:\Projects\Screen Translator\main.cpp(18,101): error C4430: missing type specifier - int assumed. Note: C++ does not support default-int
E:\Projects\Screen Translator\main.cpp(18,101): error C2143: syntax error: missing ',' before '&'
E:\Projects\Screen Translator\main.cpp(20,17): error C2065: 'selectionCoordinates': undeclared identifier
E:\Projects\Screen Translator\main.cpp(21,18): error C2065: 'selectionCoordinates': undeclared identifier
E:\Projects\Screen Translator\main.cpp(23,55): error C2065: 'selectionCoordinates': undeclared identifier
E:\Projects\Screen Translator\main.cpp(23,95): error C2065: 'selectionCoordinates': undeclared identifier
E:\Projects\Screen Translator\main.cpp(23,5): error C2660: 'BitBlt': function does not take 7 arguments
  C:\Program Files (x86)\Windows Kits\10\Include\10.0.19041.0\um\wingdi.h(3741,25):
  see declaration of 'BitBlt'
  E:\Projects\Screen Translator\main.cpp(23,5):
  while trying to match the argument list '(HDC, int, int, int, int, HDC, DWORD)'
  
E:\Projects\Screen Translator\main.cpp(70,24): error C2440: 'return': cannot convert from 'SelectionCoordinates' to 'sf::Vector2i *'
  E:\Projects\Screen Translator\main.cpp(70,24):
  No user-defined-conversion operator available that can perform this conversion, or the operator cannot be called
  
E:\Projects\Screen Translator\main.cpp(95,102): warning C4244: 'argument': conversion from 'T' to 'T', possible loss of data
E:\Projects\Screen Translator\main.cpp(95,102): warning C4244:         with
E:\Projects\Screen Translator\main.cpp(95,102): warning C4244:         [
E:\Projects\Screen Translator\main.cpp(95,102): warning C4244:             T=int
E:\Projects\Screen Translator\main.cpp(95,102): warning C4244:         ]
E:\Projects\Screen Translator\main.cpp(95,102): warning C4244:         and
E:\Projects\Screen Translator\main.cpp(95,102): warning C4244:         [
E:\Projects\Screen Translator\main.cpp(95,102): warning C4244:             T=float
E:\Projects\Screen Translator\main.cpp(95,102): warning C4244:         ]
E:\Projects\Screen Translator\main.cpp(95,68): warning C4244: 'argument': conversion from 'T' to 'T', possible loss of data
E:\Projects\Screen Translator\main.cpp(95,68): warning C4244:         with
E:\Projects\Screen Translator\main.cpp(95,68): warning C4244:         [
E:\Projects\Screen Translator\main.cpp(95,68): warning C4244:             T=int
E:\Projects\Screen Translator\main.cpp(95,68): warning C4244:         ]
E:\Projects\Screen Translator\main.cpp(95,68): warning C4244:         and
E:\Projects\Screen Translator\main.cpp(95,68): warning C4244:         [
E:\Projects\Screen Translator\main.cpp(95,68): warning C4244:             T=float
E:\Projects\Screen Translator\main.cpp(95,68): warning C4244:         ]
E:\Projects\Screen Translator\main.cpp(96,54): warning C4244: 'argument': conversion from 'T' to 'float', possible loss of data
E:\Projects\Screen Translator\main.cpp(96,54): warning C4244:         with
E:\Projects\Screen Translator\main.cpp(96,54): warning C4244:         [
E:\Projects\Screen Translator\main.cpp(96,54): warning C4244:             T=int
E:\Projects\Screen Translator\main.cpp(96,54): warning C4244:         ]
E:\Projects\Screen Translator\main.cpp(96,40): warning C4244: 'argument': conversion from 'T' to 'float', possible loss of data
E:\Projects\Screen Translator\main.cpp(96,40): warning C4244:         with
E:\Projects\Screen Translator\main.cpp(96,40): warning C4244:         [
E:\Projects\Screen Translator\main.cpp(96,40): warning C4244:             T=int
E:\Projects\Screen Translator\main.cpp(96,40): warning C4244:         ]
E:\Projects\Screen Translator\main.cpp(107,12): error C2440: 'return': cannot convert from 'SelectionCoordinates' to 'sf::Vector2i *'
  E:\Projects\Screen Translator\main.cpp(107,12):
  No user-defined-conversion operator available that can perform this conversion, or the operator cannot be called
  
E:\Projects\Screen Translator\main.cpp(112,47): error C2440: 'initializing': cannot convert from 'sf::Vector2i *' to 'SelectionCoordinates'
  E:\Projects\Screen Translator\main.cpp(112,47):
  'SelectionCoordinates::SelectionCoordinates': no overloaded function could convert all the argument types
  	E:\Projects\Screen Translator\main.cpp(53,1):
  	could be 'SelectionCoordinates::SelectionCoordinates(SelectionCoordinates &&)'
  		E:\Projects\Screen Translator\main.cpp(112,47):
  		'SelectionCoordinates::SelectionCoordinates(SelectionCoordinates &&)': cannot convert argument 1 from 'sf::Vector2i *' to 'SelectionCoordinates &&'
  			E:\Projects\Screen Translator\main.cpp(112,66):
  			Reason: cannot convert from 'sf::Vector2i *' to 'SelectionCoordinates'
  			E:\Projects\Screen Translator\main.cpp(112,66):
  			Conversion requires a second user-defined-conversion operator or constructor
  	E:\Projects\Screen Translator\main.cpp(53,1):
  	or       'SelectionCoordinates::SelectionCoordinates(const SelectionCoordinates &)'
  		E:\Projects\Screen Translator\main.cpp(112,47):
  		'SelectionCoordinates::SelectionCoordinates(const SelectionCoordinates &)': cannot convert argument 1 from 'sf::Vector2i *' to 'const SelectionCoordinates &'
  			E:\Projects\Screen Translator\main.cpp(112,66):
  			Reason: cannot convert from 'sf::Vector2i *' to 'const SelectionCoordinates'
  			E:\Projects\Screen Translator\main.cpp(112,66):
  			Conversion requires a second user-defined-conversion operator or constructor
  	E:\Projects\Screen Translator\main.cpp(112,47):
  	while trying to match the argument list '(sf::Vector2i *)'
  
E:\Projects\Screen Translator\main.cpp(144,41): error C2664: 'sf::Texture captureScreen(HDC,HDC,HBITMAP,const int)': cannot convert argument 4 from 'SelectionCoordinates' to 'const int'
  E:\Projects\Screen Translator\main.cpp(144,86):
  No user-defined-conversion operator available that can perform this conversion, or the operator cannot be called
  E:\Projects\Screen Translator\main.cpp(18,13):
  see declaration of 'captureScreen'
  E:\Projects\Screen Translator\main.cpp(144,41):
  while trying to match the argument list '(HDC, HDC, HBITMAP, SelectionCoordinates)'
  
  Generating Code...
